VirtualBox COM Server 5.1.26 r117224 win.amd64 (Jul 27 2017 12:32:13) release log
00:00:00.000000 main     Log opened 2019-03-11T04:07:42.817005100Z
00:00:00.000000 main     Build Type: release
00:00:00.000000 main     OS Product: Windows 7
00:00:00.000000 main     OS Release: 6.1.7601
00:00:00.000000 main     OS Service Pack: 1
00:00:00.015600 main     DMI Product Name: HP 288 Pro G3 MT
00:00:00.015600 main     DMI Product Version:  
00:00:00.015600 main     Host RAM: 8075MB (7.8GB) total, 5768MB (5.6GB) available
00:00:00.015600 main     Executable: C:\Program Files\Oracle\VirtualBox\VBoxSVC.exe
00:00:00.015600 main     Process ID: 3696
00:00:00.015600 main     Package type: WINDOWS_64BITS_GENERIC
00:00:00.015600          VirtualBox: object creation starts
00:00:00.015600          Home directory: 'C:\Users\Administrator\.VirtualBox'
00:00:00.015600          Installed Drivers:
00:00:00.015600            C:\Windows\system32\DRIVERS\VBoxDrv.sys (Version: 5.1.26.17224)
00:00:00.015600            C:\Windows\system32\DRIVERS\VBoxUSBMon.sys (Version: 5.1.26.17224)
00:00:00.031200            C:\Windows\system32\DRIVERS\VBoxNetAdp6.sys (Version: 5.1.26.17224)
00:00:00.031200            C:\Windows\system32\DRIVERS\VBoxNetLwf.sys (Version: 5.1.26.17224)
00:00:00.031200          Loading settings file "C:\Users\Administrator\.VirtualBox\VirtualBox.xml" with version "1.12-windows"
00:00:00.046800          HostDnsMonitor: old information
00:00:00.046800            no server entries
00:00:00.046800            no domain set
00:00:00.046800            no search string entries
00:00:00.046800          HostDnsMonitor: new information
00:00:00.046800            server 1: 10.0.10.10
00:00:00.046800            server 2: 10.0.15.11
00:00:00.046800            no domain set
00:00:00.046800            no search string entries
00:00:00.046800          HostDnsMonitorProxy::notify
00:00:00.062400          SUPR0QueryVTCaps -> VERR_VMX_MSR_ALL_VMX_DISABLED
00:00:00.062400          VD: VDInit finished
00:00:00.078000          Loading settings file "C:\Program Files\Huawei\eNSP\VBoxServer\AR_Base\AR_Base.vbox" with version "1.16-windows"
00:00:00.078000          Loading settings file "C:\Program Files\Huawei\eNSP\VBoxServer\WLAN_AC_Base\WLAN_AC_Base.vbox" with version "1.16-windows"
00:00:00.078000          Loading settings file "C:\Program Files\Huawei\eNSP\VBoxServer\WLAN_AD_Base\WLAN_AD_Base.vbox" with version "1.15-windows"
00:00:00.078000          Loading settings file "C:\Program Files\Huawei\eNSP\VBoxServer\WLAN_SAP_Base\WLAN_SAP_Base.vbox" with version "1.15-windows"
00:00:00.078000          Loading settings file "C:\Program Files\Huawei\eNSP\VBoxServer\WLAN_AP_Base\WLAN_AP_Base.vbox" with version "1.16-windows"
00:00:00.078000          VirtualBox: object created
00:02:08.559600          ERROR [COM]: aRC=VBOX_E_OBJECT_NOT_FOUND (0x80bb0001) aIID={0169423f-46b4-cde9-91af-1e9d5b6cd945} aComponent={VirtualBoxWrap} aText={Could not find a registered machine named 'vfw_usg'}, preserve=false aResultDetail=0
00:03:28.837201 main     VirtualBox: object deletion starts
00:03:28.837201 main     ERROR [COM]: aRC=VBOX_E_OBJECT_IN_USE (0x80bb000c) aIID={4afe423b-43e0-e9d0-82e8-ceb307940dda} aComponent={MediumWrap} aText={Medium 'C:\Program Files\Huawei\eNSP\VBoxServer\AR_Base\Snapshots/{b2e4928e-f61e-43c2-95e5-c54b36e306aa}.vdi' cannot be closed because it is still attached to 1 virtual machines}, preserve=false aResultDetail=0
00:03:28.837201 main     ERROR [COM]: aRC=VBOX_E_OBJECT_IN_USE (0x80bb000c) aIID={4afe423b-43e0-e9d0-82e8-ceb307940dda} aComponent={MediumWrap} aText={Medium 'C:\Program Files\Huawei\eNSP\VBoxServer\AR_Base\AR_Base.vdi' cannot be closed because it is still attached to 1 virtual machines}, preserve=false aResultDetail=0
00:03:28.837201 main     ERROR [COM]: aRC=VBOX_E_OBJECT_IN_USE (0x80bb000c) aIID={4afe423b-43e0-e9d0-82e8-ceb307940dda} aComponent={MediumWrap} aText={Medium 'C:\Program Files\Huawei\eNSP\VBoxServer\WLAN_AC_Base\Snapshots/{994cb039-0c6e-44bc-adaa-42d1ae539ae5}.vdi' cannot be closed because it is still attached to 1 virtual machines}, preserve=false aResultDetail=0
00:03:28.837201 main     ERROR [COM]: aRC=VBOX_E_OBJECT_IN_USE (0x80bb000c) aIID={4afe423b-43e0-e9d0-82e8-ceb307940dda} aComponent={MediumWrap} aText={Medium 'C:\Program Files\Huawei\eNSP\VBoxServer\WLAN_AC_Base\WLAN_AC_Base.vdi' cannot be closed because it is still attached to 1 virtual machines}, preserve=false aResultDetail=0
00:03:28.837201 main     ERROR [COM]: aRC=VBOX_E_OBJECT_IN_USE (0x80bb000c) aIID={4afe423b-43e0-e9d0-82e8-ceb307940dda} aComponent={MediumWrap} aText={Medium 'C:\Program Files\Huawei\eNSP\VBoxServer\WLAN_AD_Base\Snapshots/{25e7ee3f-c0ff-4589-aff6-5255b87dde90}.vdi' cannot be closed because it is still attached to 1 virtual machines}, preserve=false aResultDetail=0
00:03:28.837201 main     ERROR [COM]: aRC=VBOX_E_OBJECT_IN_USE (0x80bb000c) aIID={4afe423b-43e0-e9d0-82e8-ceb307940dda} aComponent={MediumWrap} aText={Medium 'C:\Program Files\Huawei\eNSP\VBoxServer\WLAN_AD_Base\WLAN_AD_Base.vdi' cannot be closed because it is still attached to 1 virtual machines}, preserve=false aResultDetail=0
00:03:28.837201 main     ERROR [COM]: aRC=VBOX_E_OBJECT_IN_USE (0x80bb000c) aIID={4afe423b-43e0-e9d0-82e8-ceb307940dda} aComponent={MediumWrap} aText={Medium 'C:\Program Files\Huawei\eNSP\VBoxServer\WLAN_SAP_Base\Snapshots/{3a9a90a5-0361-4e81-b9fe-ee5b78fc6fb9}.vdi' cannot be closed because it is still attached to 1 virtual machines}, preserve=false aResultDetail=0
00:03:28.837201 main     ERROR [COM]: aRC=VBOX_E_OBJECT_IN_USE (0x80bb000c) aIID={4afe423b-43e0-e9d0-82e8-ceb307940dda} aComponent={MediumWrap} aText={Medium 'C:\Program Files\Huawei\eNSP\VBoxServer\WLAN_SAP_Base\WLAN_SAP_Base.vdi' cannot be closed because it is still attached to 1 virtual machines}, preserve=false aResultDetail=0
00:03:28.837201 main     ERROR [COM]: aRC=VBOX_E_OBJECT_IN_USE (0x80bb000c) aIID={4afe423b-43e0-e9d0-82e8-ceb307940dda} aComponent={MediumWrap} aText={Medium 'C:\Program Files\Huawei\eNSP\VBoxServer\WLAN_AP_Base\Snapshots/{e7e8ded3-0f30-4b4e-a603-4cf41d866554}.vdi' cannot be closed because it is still attached to 1 virtual machines}, preserve=false aResultDetail=0
00:03:28.837201 main     ERROR [COM]: aRC=VBOX_E_OBJECT_IN_USE (0x80bb000c) aIID={4afe423b-43e0-e9d0-82e8-ceb307940dda} aComponent={MediumWrap} aText={Medium 'C:\Program Files\Huawei\eNSP\VBoxServer\WLAN_AP_Base\WLAN_AP_Base.vdi' cannot be closed because it is still attached to 1 virtual machines}, preserve=false aResultDetail=0
00:03:28.837201 Watcher  ERROR [COM]: aRC=E_ACCESSDENIED (0x80070005) aIID={0169423f-46b4-cde9-91af-1e9d5b6cd945} aComponent={VirtualBoxWrap} aText={The object is not ready}, preserve=false aResultDetail=0
00:03:28.837201 main     VirtualBox: object deleted
